unityLibrary/build/intermediates/manifest_merge_blame_file/debug/manifest-merger-blame-debug-report.txt
1<?xml version="1.0" encoding="utf-8"?>
2<!-- GENERATED BY UNITY. REMOVE THIS COMMENT TO PREVENT OVERWRITING WHEN EXPORTING AGAIN -->
3<manifest xmlns:android="http://schemas.android.com/apk/res/android"
4    xmlns:tools="http://schemas.android.com/tools"
5    package="com.unity3d.player" >
6
7    <uses-sdk
8        android:minSdkVersion="24"
8-->src\main\AndroidManifest.xml
9        android:targetSdkVersion="30" />
9-->src\main\AndroidManifest.xml
10
11    <uses-feature android:glEsVersion="0x00030000" />
11-->src\main\AndroidManifest.xml:46:5-54
11-->src\main\AndroidManifest.xml:46:19-51
12    <uses-feature
12-->src\main\AndroidManifest.xml:47:5-49:36
13        android:name="android.hardware.vulkan.version"
13-->src\main\AndroidManifest.xml:48:9-55
14        android:required="false" />
14-->src\main\AndroidManifest.xml:49:9-33
15
16    <uses-permission android:name="android.permission.INTERNET" />
16-->src\main\AndroidManifest.xml:51:5-67
16-->src\main\AndroidManifest.xml:51:22-64
17    <uses-permission android:name="android.permission.ACCESS_NETWORK_STATE" />
17-->src\main\AndroidManifest.xml:52:5-79
17-->src\main\AndroidManifest.xml:52:22-76
18    <uses-permission android:name="android.permission.ACCESS_FINE_LOCATION" />
18-->src\main\AndroidManifest.xml:53:5-79
18-->src\main\AndroidManifest.xml:53:22-76
19
20    <uses-feature
20-->src\main\AndroidManifest.xml:55:5-57:36
21        android:name="android.hardware.location.gps"
21-->src\main\AndroidManifest.xml:56:9-53
22        android:required="false" />
22-->src\main\AndroidManifest.xml:57:9-33
23    <uses-feature
23-->src\main\AndroidManifest.xml:58:5-60:36
24        android:name="android.hardware.location"
24-->src\main\AndroidManifest.xml:59:9-49
25        android:required="false" />
25-->src\main\AndroidManifest.xml:60:9-33
26
27    <uses-permission android:name="android.permission.CAMERA" />
27-->src\main\AndroidManifest.xml:62:5-65
27-->src\main\AndroidManifest.xml:62:22-62
28
29    <uses-feature
29-->src\main\AndroidManifest.xml:64:5-66:36
30        android:name="android.hardware.camera"
30-->src\main\AndroidManifest.xml:65:9-47
31        android:required="false" />
31-->src\main\AndroidManifest.xml:66:9-33
32    <uses-feature
32-->src\main\AndroidManifest.xml:67:5-69:36
33        android:name="android.hardware.camera.autofocus"
33-->src\main\AndroidManifest.xml:68:9-57
34        android:required="false" />
34-->src\main\AndroidManifest.xml:69:9-33
35    <uses-feature
35-->src\main\AndroidManifest.xml:70:5-72:36
36        android:name="android.hardware.camera.front"
36-->src\main\AndroidManifest.xml:71:9-53
37        android:required="false" />
37-->src\main\AndroidManifest.xml:72:9-33
38    <uses-feature
38-->src\main\AndroidManifest.xml:73:5-75:36
39        android:name="android.hardware.sensor.accelerometer"
39-->src\main\AndroidManifest.xml:74:9-61
40        android:required="false" />
40-->src\main\AndroidManifest.xml:75:9-33
41    <uses-feature
41-->src\main\AndroidManifest.xml:76:5-78:36
42        android:name="android.hardware.touchscreen"
42-->src\main\AndroidManifest.xml:77:9-52
43        android:required="false" />
43-->src\main\AndroidManifest.xml:78:9-33
44    <uses-feature
44-->src\main\AndroidManifest.xml:79:5-81:36
45        android:name="android.hardware.touchscreen.multitouch"
45-->src\main\AndroidManifest.xml:80:9-63
46        android:required="false" />
46-->src\main\AndroidManifest.xml:81:9-33
47    <uses-feature
47-->src\main\AndroidManifest.xml:82:5-84:36
48        android:name="android.hardware.touchscreen.multitouch.distinct"
48-->src\main\AndroidManifest.xml:83:9-72
49        android:required="false" />
49-->src\main\AndroidManifest.xml:84:9-33
50
51    <application android:theme="@style/UnityThemeSelector.Translucent" >
51-->src\main\AndroidManifest.xml:6:5-44:19
51-->src\main\AndroidManifest.xml:6:18-71
52        <activity
52-->src\main\AndroidManifest.xml:7:9-12:40
53            android:name="com.airlook.citysand.OverrideUnityActivity"
53-->src\main\AndroidManifest.xml:8:13-70
54            android:configChanges="mcc|mnc|locale|touchscreen|keyboard|keyboardHidden|navigation|orientation|screenLayout|uiMode|screenSize|smallestScreenSize|fontScale|layoutDirection|density"
54-->src\main\AndroidManifest.xml:9:13-194
55            android:hardwareAccelerated="false"
55-->src\main\AndroidManifest.xml:10:13-48
56            android:launchMode="singleTask"
56-->src\main\AndroidManifest.xml:11:13-44
57            android:process=":unity" />
57-->src\main\AndroidManifest.xml:12:13-37
58        <activity
58-->src\main\AndroidManifest.xml:13:9-27:20
59            android:name="com.unity3d.player.UnityPlayerActivity"
59-->src\main\AndroidManifest.xml:14:13-66
60            android:configChanges="mcc|mnc|locale|touchscreen|keyboard|keyboardHidden|navigation|orientation|screenLayout|uiMode|screenSize|smallestScreenSize|fontScale|layoutDirection|density"
60-->src\main\AndroidManifest.xml:15:13-194
61            android:hardwareAccelerated="false"
61-->src\main\AndroidManifest.xml:16:13-48
62            android:launchMode="singleTask"
62-->src\main\AndroidManifest.xml:17:13-44
63            android:screenOrientation="portrait"
63-->src\main\AndroidManifest.xml:18:13-49
64            android:theme="@style/UnityThemeSelector" >
64-->src\main\AndroidManifest.xml:19:13-54
65            <meta-data
65-->src\main\AndroidManifest.xml:21:13-23:40
66                android:name="unityplayer.UnityActivity"
66-->src\main\AndroidManifest.xml:22:17-57
67                android:value="true" />
67-->src\main\AndroidManifest.xml:23:17-37
68            <meta-data
68-->src\main\AndroidManifest.xml:24:13-26:40
69                android:name="android.notch_support"
69-->src\main\AndroidManifest.xml:25:17-53
70                android:value="true" />
70-->src\main\AndroidManifest.xml:26:17-37
71        </activity>
72
73        <meta-data
73-->src\main\AndroidManifest.xml:29:9-31:33
74            android:name="unity.splash-mode"
74-->src\main\AndroidManifest.xml:30:13-45
75            android:value="0" />
75-->src\main\AndroidManifest.xml:31:13-30
76        <meta-data
76-->src\main\AndroidManifest.xml:32:9-34:36
77            android:name="unity.splash-enable"
77-->src\main\AndroidManifest.xml:33:13-47
78            android:value="True" />
78-->src\main\AndroidManifest.xml:34:13-33
79        <meta-data
79-->src\main\AndroidManifest.xml:35:9-37:50
80            android:name="notch.config"
80-->src\main\AndroidManifest.xml:36:13-40
81            android:value="portrait|landscape" />
81-->src\main\AndroidManifest.xml:37:13-47
82        <meta-data
82-->src\main\AndroidManifest.xml:38:9-40:68
83            android:name="unity.build-id"
83-->src\main\AndroidManifest.xml:39:13-42
84            android:value="f7209b37-f1b3-4f47-b8b5-892caa854506" />
84-->src\main\AndroidManifest.xml:40:13-65
85        <meta-data
85-->src\main\AndroidManifest.xml:41:9-43:40
86            android:name="com.google.ar.core"
86-->src\main\AndroidManifest.xml:42:13-46
87            android:value="optional" />
87-->src\main\AndroidManifest.xml:43:13-37
88    </application>
89
90</manifest>